<?xml version="1.0" encoding="UTF-8"?>
<!-- Generated by org.testng.reporters.JUnitReportReporter -->
<testsuite hostname="Aevi" failures="0" tests="1" name="baseClass.BaseClass" time="16.677" errors="0" timestamp="2025-03-24T14:22:31 IST" skipped="0">
  <testcase classname="baseClass.BaseClass" name="setup" time="16.677"/>
  <system-out/>
</testsuite> <!-- baseClass.BaseClass -->
