<?xml version="1.0" encoding="UTF-8"?>
<!-- Generated by org.testng.reporters.JUnitReportReporter -->
<testsuite hostname="Aevi" failures="0" tests="1" name="testBase.BaseClass" time="11.541" errors="0" timestamp="2025-03-24T21:09:19 IST" skipped="0">
  <testcase classname="testBase.BaseClass" name="setup" time="11.541"/>
  <system-out/>
</testsuite> <!-- testBase.BaseClass -->
