<?xml version="1.0" encoding="UTF-8"?>
<!-- Generated by org.testng.reporters.JUnitReportReporter -->
<testsuite hostname="Aevi" failures="0" tests="1" name="testsCases.Check" time="0.029" errors="0" timestamp="2025-03-27T01:38:00 IST" skipped="0">
  <testcase classname="testsCases.Check" name="test" time="0.029"/>
  <system-out/>
</testsuite> <!-- testsCases.Check -->
