<?xml version="1.0" encoding="UTF-8"?>
<!-- Generated by org.testng.reporters.JUnitReportReporter -->
<testsuite hostname="Aevi" failures="0" tests="1" name="TestSpiceJet" time="7.043" errors="0" timestamp="2025-03-13T02:01:12 IST" skipped="0">
  <testcase classname="TestSpiceJet" name="testIT" time="7.043"/>
  <system-out/>
</testsuite> <!-- TestSpiceJet -->
