<?xml version="1.0" encoding="UTF-8"?>
<!-- Generated by org.testng.reporters.JUnitReportReporter -->
<testsuite hostname="Aevi" failures="0" tests="2" name="testsCases.TC001_searchFlightforRoundTrip" time="32.601" errors="0" timestamp="2025-03-27T02:04:52 IST" skipped="0">
  <testcase classname="testsCases.TC001_searchFlightforRoundTrip" name="roundTripTicket" time="12.967"/>
  <system-out/>
  <testcase classname="testsCases.TC001_searchFlightforRoundTrip" name="roundTripTicket" time="19.634"/>
  <system-out/>
</testsuite> <!-- testsCases.TC001_searchFlightforRoundTrip -->
