<?xml version="1.0" encoding="UTF-8"?>
<!-- Generated by org.testng.reporters.JUnitReportReporter -->
<testsuite hostname="Aevi" failures="0" tests="2" name="testsCases.TC001_searchFlightforRoundTrip" time="35.082" errors="0" timestamp="2025-03-28T01:17:28 IST" skipped="0">
  <testcase classname="testsCases.TC001_searchFlightforRoundTrip" name="roundTripTicket" time="18.424"/>
  <system-out/>
  <testcase classname="testsCases.TC001_searchFlightforRoundTrip" name="roundTripTicket" time="16.658"/>
  <system-out/>
</testsuite> <!-- testsCases.TC001_searchFlightforRoundTrip -->
