<?xml version="1.0" encoding="UTF-8"?>
<!-- Generated by org.testng.reporters.JUnitReportReporter -->
<testsuite hostname="Aevi" failures="0" tests="2" name="testsCases.TC001_searchFlightforRoundTrip" time="33.956" errors="0" timestamp="2025-03-28T01:37:35 IST" skipped="0">
  <testcase classname="testsCases.TC001_searchFlightforRoundTrip" name="roundTripTicket" time="17.239"/>
  <system-out/>
  <testcase classname="testsCases.TC001_searchFlightforRoundTrip" name="roundTripTicket" time="16.717"/>
  <system-out/>
</testsuite> <!-- testsCases.TC001_searchFlightforRoundTrip -->
