<?xml version="1.0" encoding="UTF-8"?>
<!-- Generated by org.testng.reporters.JUnitReportReporter -->
<testsuite hostname="Aevi" failures="0" tests="1" name="testsCases.OneReturnTrip" time="12.288" errors="0" timestamp="2025-03-26T01:58:19 IST" skipped="0">
  <testcase classname="testsCases.OneReturnTrip" name="bootOneTicketTillDate" time="12.288"/>
  <system-out/>
</testsuite> <!-- testsCases.OneReturnTrip -->
